<?xml version="1.0" encoding="UTF-8"?>
<!-- Generated by org.testng.reporters.JUnitReportReporter -->
<testsuite hostname="DESKTOP-7N24BN2" failures="0" tests="1" name="com.todos.tests.AddTodoTest" time="4.219" errors="0" timestamp="2 Jun 2025 22:25:21 GMT">
  <testcase classname="com.todos.tests.AddTodoTest" name="ICanAddTodo" time="4.219"/>
</testsuite> <!-- com.todos.tests.AddTodoTest -->
